<?xml version="1.0" encoding="UTF-8"?>
<testsuite name="com.mechanitis.demo.MoodAnalyzerTest" tests="1" skipped="0" failures="0" errors="0" timestamp="2020-12-24T05:00:32" hostname="MSI" time="0.003">
  <properties/>
  <testcase name="testMoodAnalysis" classname="com.mechanitis.demo.MoodAnalyzerTest" time="0.003"/>
  <system-out><![CDATA[]]></system-out>
  <system-err><![CDATA[]]></system-err>
</testsuite>
